2024-02-13 20:20:06,156 INFO    [CDNet_train.py, 105] Check setted Config:
                =====================================

2024-02-13 20:20:06,157 INFO    [CDNet_train.py, 110] BACKBONE_NAME= resnet50
2024-02-13 20:20:06,157 INFO    [CDNet_train.py, 110] BATCH_SIZE= 8
2024-02-13 20:20:06,157 INFO    [CDNet_train.py, 110] CLASSES= 2
2024-02-13 20:20:06,157 INFO    [CDNet_train.py, 110] DATASET_FP= data/DSB2018
2024-02-13 20:20:06,157 INFO    [CDNet_train.py, 110] DEVICE= cuda
2024-02-13 20:20:06,157 INFO    [CDNet_train.py, 110] EPOCHS= 120
2024-02-13 20:20:06,157 INFO    [CDNet_train.py, 110] GAMMA= 0.5
2024-02-13 20:20:06,157 INFO    [CDNet_train.py, 110] LOG_DIR= log/dsb/1/CDNet_DSB+_resnet50
2024-02-13 20:20:06,157 INFO    [CDNet_train.py, 110] LR= 0.0002
2024-02-13 20:20:06,158 INFO    [CDNet_train.py, 110] MILESTONES= [40, 80, 90, 110]
2024-02-13 20:20:06,158 INFO    [CDNet_train.py, 110] NUM_WORKERS= 8
2024-02-13 20:20:06,158 INFO    [CDNet_train.py, 110] TEST_RESULT_DIR= dsb/1/CDNet_DSB_test_result
2024-02-13 20:20:06,159 INFO    [CDNet_train.py, 110] TEST_SET_INDEX= tensor([659, 439, 334, 558, 271, 414, 195, 652,  23, 409, 292, 111, 287, 324,
        592, 390, 612, 648, 340, 615, 660, 108,   2, 223, 134, 495,  46,  15,
        275, 498, 216, 132, 500, 163, 123, 452,  51, 341, 376, 370, 655,  24,
        211,  80, 526, 496, 446, 385, 173, 548, 471, 561, 209, 305,  37, 551,
        247, 588, 176, 604, 233, 189,  68, 333, 515,  42, 208, 139, 194,  69,
        432, 627, 589, 295, 595, 465, 646,  34,  38, 383, 162,  57, 538,  64,
        477, 613,  85, 605,   8, 213, 510, 293, 265, 261, 210, 481, 356, 408,
        323, 583,  75, 528, 336, 621,  43, 235, 529, 568, 180, 114,  36, 364,
        405, 620, 144, 351, 168, 472,  20, 120, 518, 177, 397, 142, 191, 278,
        649, 299, 447, 463, 601, 519, 527,  56])
2024-02-13 20:20:06,161 INFO    [CDNet_train.py, 110] TRAIN_SET_INDEX= tensor([569, 501,  90, 625, 547,  14, 394,  41, 260, 512, 488, 442, 542, 470,
         12, 521,  54, 602, 165, 487,  55, 353, 196, 130, 125, 217, 258, 101,
        157, 174, 291, 283, 315, 483, 667,  79, 193,  89, 236, 505, 434, 422,
        307,   7, 499, 415, 478,  33,  52, 172,  35, 467, 234, 348, 423,  95,
        410, 598, 630,  50, 186, 129, 579, 557, 624, 145, 566, 497, 587,  45,
        199,  71, 306, 175, 476,  18, 352, 387, 426, 150, 486, 284, 450,  39,
        248,  59, 251, 377, 418, 331, 493, 266, 634, 366, 386,   9,  40, 147,
        460, 267, 239, 338, 560, 541, 238, 115, 635, 668, 245, 133, 325, 643,
        398, 412, 368, 311,  82, 246, 553, 363, 482,   4, 290, 205, 578, 357,
        504, 663,  91, 110, 473,  78, 577, 318, 312, 475, 428, 546,  88, 554,
        650, 148, 158, 138, 263, 658,  77, 302, 244, 533, 651,  31, 406, 619,
         83, 451,  19, 424, 404,  94,  73, 214, 435, 152, 221, 550, 599, 411,
        490, 192, 576, 112, 164, 230, 346, 454, 645, 503, 203, 502, 116, 105,
        459, 330, 154, 593, 231, 653, 444, 574, 361, 572, 556,  93, 301, 181,
        654, 420, 373, 443, 314, 224, 371, 358, 279,   6, 530, 106, 522, 559,
        448, 250, 608, 317, 461, 135, 506, 441, 532, 252, 609, 381, 395, 462,
        228, 661, 297, 269, 641, 586, 402, 379,  49, 582, 523, 516,  98, 171,
        419, 584, 335, 514, 389, 539, 513, 241, 136, 276, 445, 117,   3, 198,
        403,  25, 392, 259, 524, 581,  65, 571, 131, 122, 636, 469, 437, 631,
        207, 237, 622,  30, 491, 555, 640, 610, 372, 182,  53, 618, 536, 140,
        507, 310, 590, 286, 289, 436, 520, 638, 665, 417, 382, 564,  44, 342,
        629, 102, 480, 215, 531,  87, 184, 256, 425, 170, 600, 611, 316, 458,
        345, 329, 309,  11, 565, 642, 243, 474, 257, 226, 272, 416, 614, 327,
        204,  86, 282, 344,  81, 126, 396, 365, 127, 585, 326, 262, 421, 575,
        407, 153, 137, 149, 253, 354, 270, 201, 632, 647, 637, 369, 167, 202,
        242, 166, 657, 666, 188, 156, 597, 141, 313, 433, 567, 281, 349, 121,
        113,  63, 296, 511, 360, 537,  62, 401,  22, 212, 617, 232, 669, 219,
         70, 367, 264, 240,  66, 107, 280, 332,  27, 384, 628, 187,  47, 229,
        525, 169,  29, 489, 273, 103, 285, 449,  61, 304, 337, 255, 374, 347,
        143, 362, 431, 427, 455, 393,  48, 573, 456, 254, 633,  17, 545,  60,
        375, 430,  97, 549, 464, 457,  58, 308, 227, 197, 320, 268, 322, 146,
        109, 190, 468,  32, 606, 388, 479, 183,  21, 639, 151, 119, 607, 429,
         67,   0, 664,  10, 355, 249, 225, 570, 626, 644,  84,  76, 200, 179,
        535, 328,  92, 438,  26, 543])
2024-02-13 20:20:06,161 INFO    [CDNet_train.py, 110] VAL_EPOCH= 30
2024-02-13 20:20:06,162 INFO    [CDNet_train.py, 110] VAL_SET_INDEX= tensor([359, 508, 544,  13, 591, 485,  99, 413, 453, 534, 185, 440, 319, 399,
        484, 562, 128, 517, 220, 380,  16, 277, 603, 222, 378, 161,   1, 662,
        274, 563, 400, 104, 343, 594, 552,  72, 350, 391, 300, 580, 303, 160,
        616,  28, 100,  96, 509, 124, 218, 623,  74, 656, 294, 540, 494, 155,
        159, 298, 492, 596, 288, 321, 178,   5, 118, 466, 206, 339])
2024-02-13 20:20:06,162 INFO    [CDNet_train.py, 110] WEIGHT_DECAY= 0.0005
2024-02-13 20:20:06,162 INFO    [CDNet_train.py, 110] ds= dsb
2024-02-13 20:20:06,162 INFO    [CDNet_train.py, 110] ds_num= 1
2024-02-13 20:20:06,162 INFO    [CDNet_train.py, 110] exp_data_dir= exp_data/dsb/CDNet_DSB
2024-02-13 20:20:06,162 INFO    [CDNet_train.py, 110] figure_dir= figures/dsb/1/CDNet_DSB
2024-02-13 20:20:06,162 INFO    [CDNet_train.py, 110] load_model_para= model_para/dsb/1/CDNet_DSB_resnet50/best.pth
2024-02-13 20:20:06,162 INFO    [CDNet_train.py, 110] model= <class 'Netlib.CDNetlib.model_unet_MandDandP.Unet'>
2024-02-13 20:20:06,162 INFO    [CDNet_train.py, 110] model_para= model_para/dsb/1/CDNet_DSB_resnet50
2024-02-13 20:20:06,907 INFO    [CDNet_train.py, 184] train_set:468,val_set:68
2024-02-13 20:22:38,893 INFO    [CDNet_train.py, 59] train_loss:2.7147,epoch:0,lr:0.000200,
2024-02-13 20:24:55,950 INFO    [CDNet_train.py, 59] train_loss:0.9698,epoch:1,lr:0.000200,
2024-02-13 20:26:41,381 INFO    [CDNet_train.py, 95] val_metric:{'boundry': tensor(0.6985, dtype=torch.float64), 'point': tensor(0.0116, dtype=torch.float64), 'direction': tensor(0.5602, dtype=torch.float64)},epoch:1,val_loss:0.7112663984298706
2024-02-13 20:29:13,897 INFO    [CDNet_train.py, 59] train_loss:0.6281,epoch:2,lr:0.000200,
2024-02-13 20:31:35,990 INFO    [CDNet_train.py, 59] train_loss:0.5195,epoch:3,lr:0.000200,
2024-02-13 20:33:43,885 INFO    [CDNet_train.py, 59] train_loss:0.4727,epoch:4,lr:0.000200,
2024-02-13 20:35:58,218 INFO    [CDNet_train.py, 59] train_loss:0.4432,epoch:5,lr:0.000200,
2024-02-13 20:38:36,208 INFO    [CDNet_train.py, 59] train_loss:0.4198,epoch:6,lr:0.000200,
2024-02-13 20:41:23,872 INFO    [CDNet_train.py, 59] train_loss:0.4275,epoch:7,lr:0.000200,
2024-02-13 20:43:24,565 INFO    [CDNet_train.py, 59] train_loss:0.4053,epoch:8,lr:0.000200,
2024-02-13 20:45:53,551 INFO    [CDNet_train.py, 59] train_loss:0.3968,epoch:9,lr:0.000200,
2024-02-13 20:48:05,694 INFO    [CDNet_train.py, 59] train_loss:0.3889,epoch:10,lr:0.000200,
2024-02-13 20:50:28,887 INFO    [CDNet_train.py, 59] train_loss:0.3795,epoch:11,lr:0.000200,
2024-02-13 20:52:39,985 INFO    [CDNet_train.py, 59] train_loss:0.3722,epoch:12,lr:0.000200,
2024-02-13 20:54:51,799 INFO    [CDNet_train.py, 59] train_loss:0.3661,epoch:13,lr:0.000200,
2024-02-13 20:57:11,039 INFO    [CDNet_train.py, 59] train_loss:0.3710,epoch:14,lr:0.000200,
2024-02-13 20:59:30,409 INFO    [CDNet_train.py, 59] train_loss:0.3633,epoch:15,lr:0.000200,
2024-02-13 21:01:52,375 INFO    [CDNet_train.py, 59] train_loss:0.3615,epoch:16,lr:0.000200,
2024-02-13 21:04:10,547 INFO    [CDNet_train.py, 59] train_loss:0.3515,epoch:17,lr:0.000200,
2024-02-13 21:06:51,905 INFO    [CDNet_train.py, 59] train_loss:0.3534,epoch:18,lr:0.000200,
2024-02-13 21:09:02,063 INFO    [CDNet_train.py, 59] train_loss:0.3556,epoch:19,lr:0.000200,
2024-02-13 21:11:33,558 INFO    [CDNet_train.py, 59] train_loss:0.3483,epoch:20,lr:0.000200,
2024-02-13 21:14:14,598 INFO    [CDNet_train.py, 59] train_loss:0.3493,epoch:21,lr:0.000200,
2024-02-13 21:16:30,743 INFO    [CDNet_train.py, 59] train_loss:0.3417,epoch:22,lr:0.000200,
2024-02-13 21:18:55,725 INFO    [CDNet_train.py, 59] train_loss:0.3447,epoch:23,lr:0.000200,
2024-02-13 21:21:21,505 INFO    [CDNet_train.py, 59] train_loss:0.3532,epoch:24,lr:0.000200,
2024-02-13 21:23:48,947 INFO    [CDNet_train.py, 59] train_loss:0.3411,epoch:25,lr:0.000200,
2024-02-13 21:26:03,680 INFO    [CDNet_train.py, 59] train_loss:0.3344,epoch:26,lr:0.000200,
2024-02-13 21:28:31,407 INFO    [CDNet_train.py, 59] train_loss:0.3338,epoch:27,lr:0.000200,
2024-02-13 21:30:58,663 INFO    [CDNet_train.py, 59] train_loss:0.3230,epoch:28,lr:0.000200,
2024-02-13 21:33:06,144 INFO    [CDNet_train.py, 59] train_loss:0.3332,epoch:29,lr:0.000200,
2024-02-13 21:35:54,192 INFO    [CDNet_train.py, 59] train_loss:0.3284,epoch:30,lr:0.000200,
2024-02-13 21:37:58,380 INFO    [CDNet_train.py, 59] train_loss:0.3185,epoch:31,lr:0.000200,
2024-02-13 21:39:44,245 INFO    [CDNet_train.py, 95] val_metric:{'boundry': tensor(0.8333, dtype=torch.float64), 'point': tensor(0.0009, dtype=torch.float64), 'direction': tensor(0.7174, dtype=torch.float64)},epoch:31,val_loss:0.3568510413169861
2024-02-13 21:41:56,795 INFO    [CDNet_train.py, 59] train_loss:0.3206,epoch:32,lr:0.000200,
2024-02-13 21:44:41,119 INFO    [CDNet_train.py, 59] train_loss:0.3208,epoch:33,lr:0.000200,
2024-02-13 21:47:02,678 INFO    [CDNet_train.py, 59] train_loss:0.3201,epoch:34,lr:0.000200,
2024-02-13 21:49:23,174 INFO    [CDNet_train.py, 59] train_loss:0.3181,epoch:35,lr:0.000200,
2024-02-13 21:51:38,701 INFO    [CDNet_train.py, 59] train_loss:0.3121,epoch:36,lr:0.000200,
2024-02-13 21:53:55,135 INFO    [CDNet_train.py, 59] train_loss:0.3161,epoch:37,lr:0.000200,
2024-02-13 21:56:39,678 INFO    [CDNet_train.py, 59] train_loss:0.3175,epoch:38,lr:0.000200,
2024-02-13 21:59:04,554 INFO    [CDNet_train.py, 59] train_loss:0.3183,epoch:39,lr:0.000200,
2024-02-13 22:01:34,636 INFO    [CDNet_train.py, 59] train_loss:0.3044,epoch:40,lr:0.000100,
2024-02-13 22:04:05,400 INFO    [CDNet_train.py, 59] train_loss:0.2961,epoch:41,lr:0.000100,
2024-02-13 22:06:33,791 INFO    [CDNet_train.py, 59] train_loss:0.2946,epoch:42,lr:0.000100,
2024-02-13 22:09:04,810 INFO    [CDNet_train.py, 59] train_loss:0.2912,epoch:43,lr:0.000100,
2024-02-13 22:11:13,055 INFO    [CDNet_train.py, 59] train_loss:0.2899,epoch:44,lr:0.000100,
2024-02-13 22:13:37,140 INFO    [CDNet_train.py, 59] train_loss:0.2929,epoch:45,lr:0.000100,
2024-02-13 22:15:56,758 INFO    [CDNet_train.py, 59] train_loss:0.2896,epoch:46,lr:0.000100,
2024-02-13 22:18:40,734 INFO    [CDNet_train.py, 59] train_loss:0.2823,epoch:47,lr:0.000100,
2024-02-13 22:21:05,371 INFO    [CDNet_train.py, 59] train_loss:0.2838,epoch:48,lr:0.000100,
2024-02-13 22:23:08,472 INFO    [CDNet_train.py, 59] train_loss:0.2835,epoch:49,lr:0.000100,
2024-02-13 22:25:32,786 INFO    [CDNet_train.py, 59] train_loss:0.2822,epoch:50,lr:0.000100,
2024-02-13 22:27:54,942 INFO    [CDNet_train.py, 59] train_loss:0.2773,epoch:51,lr:0.000100,
2024-02-13 22:30:24,943 INFO    [CDNet_train.py, 59] train_loss:0.2796,epoch:52,lr:0.000100,
2024-02-13 22:32:41,884 INFO    [CDNet_train.py, 59] train_loss:0.2814,epoch:53,lr:0.000100,
2024-02-13 22:34:47,484 INFO    [CDNet_train.py, 59] train_loss:0.2800,epoch:54,lr:0.000100,
2024-02-13 22:36:51,277 INFO    [CDNet_train.py, 59] train_loss:0.2765,epoch:55,lr:0.000100,
2024-02-13 22:39:02,599 INFO    [CDNet_train.py, 59] train_loss:0.2741,epoch:56,lr:0.000100,
2024-02-13 22:41:03,774 INFO    [CDNet_train.py, 59] train_loss:0.2751,epoch:57,lr:0.000100,
2024-02-13 22:43:32,617 INFO    [CDNet_train.py, 59] train_loss:0.2761,epoch:58,lr:0.000100,
2024-02-13 22:45:48,295 INFO    [CDNet_train.py, 59] train_loss:0.2704,epoch:59,lr:0.000100,
2024-02-13 22:47:54,407 INFO    [CDNet_train.py, 59] train_loss:0.2700,epoch:60,lr:0.000100,
2024-02-13 22:50:15,446 INFO    [CDNet_train.py, 59] train_loss:0.2705,epoch:61,lr:0.000100,
2024-02-13 22:52:00,745 INFO    [CDNet_train.py, 95] val_metric:{'boundry': tensor(0.8470, dtype=torch.float64), 'point': tensor(0.0008, dtype=torch.float64), 'direction': tensor(0.7475, dtype=torch.float64)},epoch:61,val_loss:0.35024380683898926
2024-02-13 22:54:11,315 INFO    [CDNet_train.py, 59] train_loss:0.2696,epoch:62,lr:0.000100,
2024-02-13 22:56:30,855 INFO    [CDNet_train.py, 59] train_loss:0.2654,epoch:63,lr:0.000100,
2024-02-13 22:58:34,226 INFO    [CDNet_train.py, 59] train_loss:0.2635,epoch:64,lr:0.000100,
2024-02-13 23:01:06,594 INFO    [CDNet_train.py, 59] train_loss:0.2635,epoch:65,lr:0.000100,
2024-02-13 23:03:23,481 INFO    [CDNet_train.py, 59] train_loss:0.2652,epoch:66,lr:0.000100,
2024-02-13 23:05:29,798 INFO    [CDNet_train.py, 59] train_loss:0.2586,epoch:67,lr:0.000100,
2024-02-13 23:07:38,559 INFO    [CDNet_train.py, 59] train_loss:0.2597,epoch:68,lr:0.000100,
2024-02-13 23:09:43,135 INFO    [CDNet_train.py, 59] train_loss:0.2574,epoch:69,lr:0.000100,
2024-02-13 23:11:59,884 INFO    [CDNet_train.py, 59] train_loss:0.2587,epoch:70,lr:0.000100,
2024-02-13 23:14:02,340 INFO    [CDNet_train.py, 59] train_loss:0.2541,epoch:71,lr:0.000100,
2024-02-13 23:16:29,646 INFO    [CDNet_train.py, 59] train_loss:0.2548,epoch:72,lr:0.000100,
2024-02-13 23:18:37,766 INFO    [CDNet_train.py, 59] train_loss:0.2544,epoch:73,lr:0.000100,
2024-02-13 23:20:47,823 INFO    [CDNet_train.py, 59] train_loss:0.2590,epoch:74,lr:0.000100,
2024-02-13 23:23:14,009 INFO    [CDNet_train.py, 59] train_loss:0.2650,epoch:75,lr:0.000100,
2024-02-13 23:25:18,023 INFO    [CDNet_train.py, 59] train_loss:0.2515,epoch:76,lr:0.000100,
2024-02-13 23:27:35,794 INFO    [CDNet_train.py, 59] train_loss:0.2497,epoch:77,lr:0.000100,
2024-02-13 23:29:43,756 INFO    [CDNet_train.py, 59] train_loss:0.2500,epoch:78,lr:0.000100,
2024-02-13 23:32:00,494 INFO    [CDNet_train.py, 59] train_loss:0.2464,epoch:79,lr:0.000100,
2024-02-13 23:34:41,814 INFO    [CDNet_train.py, 59] train_loss:0.2457,epoch:80,lr:0.000050,
2024-02-13 23:37:09,405 INFO    [CDNet_train.py, 59] train_loss:0.2440,epoch:81,lr:0.000050,
2024-02-13 23:39:22,566 INFO    [CDNet_train.py, 59] train_loss:0.2352,epoch:82,lr:0.000050,
2024-02-13 23:41:51,834 INFO    [CDNet_train.py, 59] train_loss:0.2362,epoch:83,lr:0.000050,
2024-02-13 23:44:03,888 INFO    [CDNet_train.py, 59] train_loss:0.2321,epoch:84,lr:0.000050,
2024-02-13 23:46:26,412 INFO    [CDNet_train.py, 59] train_loss:0.2343,epoch:85,lr:0.000050,
2024-02-13 23:48:28,870 INFO    [CDNet_train.py, 59] train_loss:0.2297,epoch:86,lr:0.000050,
2024-02-13 23:50:37,490 INFO    [CDNet_train.py, 59] train_loss:0.2237,epoch:87,lr:0.000050,
2024-02-13 23:53:03,984 INFO    [CDNet_train.py, 59] train_loss:0.2376,epoch:88,lr:0.000050,
2024-02-13 23:55:31,598 INFO    [CDNet_train.py, 59] train_loss:0.2300,epoch:89,lr:0.000050,
2024-02-13 23:57:55,941 INFO    [CDNet_train.py, 59] train_loss:0.2257,epoch:90,lr:0.000025,
2024-02-14 00:00:22,204 INFO    [CDNet_train.py, 59] train_loss:0.2230,epoch:91,lr:0.000025,
2024-02-14 00:02:07,009 INFO    [CDNet_train.py, 95] val_metric:{'boundry': tensor(0.8519, dtype=torch.float64), 'point': tensor(0.0008, dtype=torch.float64), 'direction': tensor(0.7551, dtype=torch.float64)},epoch:91,val_loss:0.35495585203170776
2024-02-14 00:04:26,547 INFO    [CDNet_train.py, 59] train_loss:0.2197,epoch:92,lr:0.000025,
2024-02-14 00:06:36,496 INFO    [CDNet_train.py, 59] train_loss:0.2224,epoch:93,lr:0.000025,
