2024-02-19 10:27:27,535 INFO    [CDNet_train.py, 105] Check setted Config:
                =====================================

2024-02-19 10:27:27,535 INFO    [CDNet_train.py, 110] BACKBONE_NAME= resnet50
2024-02-19 10:27:27,535 INFO    [CDNet_train.py, 110] BATCH_SIZE= 8
2024-02-19 10:27:27,535 INFO    [CDNet_train.py, 110] CLASSES= 6
2024-02-19 10:27:27,535 INFO    [CDNet_train.py, 110] DATASET_FP= data/PANNUKE
2024-02-19 10:27:27,535 INFO    [CDNet_train.py, 110] DEVICE= cuda
2024-02-19 10:27:27,535 INFO    [CDNet_train.py, 110] EPOCHS= 120
2024-02-19 10:27:27,535 INFO    [CDNet_train.py, 110] GAMMA= 0.5
2024-02-19 10:27:27,535 INFO    [CDNet_train.py, 110] LOG_DIR= log/pannuke/1/CDNet_P+_resnet50
2024-02-19 10:27:27,535 INFO    [CDNet_train.py, 110] LR= 0.0002
2024-02-19 10:27:27,535 INFO    [CDNet_train.py, 110] MILESTONES= [40, 70, 100]
2024-02-19 10:27:27,535 INFO    [CDNet_train.py, 110] NUM_WORKERS= 8
2024-02-19 10:27:27,535 INFO    [CDNet_train.py, 110] TEST_RESULT_DIR= pannuke/1/CDNet_P_test_result
2024-02-19 10:27:27,555 INFO    [CDNet_train.py, 110] TEST_SET_INDEX= tensor([ 782, 7487, 4483,  ..., 5520, 1254, 5536])
2024-02-19 10:27:27,555 INFO    [CDNet_train.py, 110] TRAIN_SET_INDEX= tensor([3856,  649, 5629,  ...,  615,  474, 5687])
2024-02-19 10:27:27,555 INFO    [CDNet_train.py, 110] VAL_EPOCH= 10
2024-02-19 10:27:27,558 INFO    [CDNet_train.py, 110] VAL_SET_INDEX= tensor([4737, 3585, 4480, 1150, 1821, 1461, 3176, 3361, 3201, 1961, 3411, 3589,
        1979, 2196, 7457, 5135, 3013, 3783, 2879, 6102, 5590,  610,  375, 6117,
         395, 4078,  737, 4433, 4635, 6948, 6432, 4518, 4214, 5952,  688,   85,
        4651, 4879, 6349, 7523, 3049, 5761, 1249,  981, 3635, 4521, 3889, 5057,
        1477, 1479, 2354, 5047, 2495, 4202, 1156, 6609, 6528, 7015, 5935,  711,
        6311, 7801, 6191, 7444, 2390, 7706, 6420, 3039, 2176, 5383, 4310, 5707,
        3640, 6045,  503,  557, 2303, 2231, 7234, 4916, 2080, 3818, 1725, 4252,
        3172, 7202, 3306, 2853, 6828, 5404,  651, 1832, 6934, 2948, 4423, 3785,
        2913, 7162, 1468, 1387, 4105, 4593, 2826,  497,  669,  180, 2778, 6623,
        1086, 4673,  316, 5039, 2273, 3627, 6727, 3860, 2713, 3069, 7075,  498,
        3099, 1592,  305, 4279, 6462, 5099,  857, 3053,  926, 5361, 3238,   23,
        3372, 2506, 3191, 5977, 2497, 7130, 6645, 1534, 2866,  952, 3408,  619,
        4560, 3729, 7025, 5206,  185,  235, 3054, 5759, 3513,  266, 2690,  292,
        4831, 2603,  798, 3838,  931, 6989,  951, 2517, 1019, 5546, 1626, 1033,
        3410, 6810, 4557, 3688, 7194, 6875, 4476, 1405, 6673, 3962, 7632, 2213,
         251, 4644, 4030, 5207, 5252, 3154, 5251, 3405,  104, 5272, 2416, 5405,
        5985, 4821, 7114, 3300, 7011, 2226, 3629,  483, 5686,  654, 2071, 2942,
        3228, 1653, 3570, 7081, 5934,  606, 4672, 6846, 3462,  894, 6596,  593,
        1951, 7504, 4101, 3735,  387, 1020, 5429, 7402, 2590, 4582, 2475, 7409,
        7029, 4331, 6864, 6870,  629, 7464, 4538,  616, 5071, 7028, 7663, 2139,
         618, 5968, 7665, 5260, 1056, 6717,  780, 2812, 6893, 1807, 7723, 1467,
        6570, 5256, 2444, 3470,  701, 4113,  908, 5648, 2865, 6193, 6736,  475,
        5795, 2531,  774, 4021, 1691, 2644,  900, 5927, 5854, 1178, 1897, 3087,
         326, 1635, 3327, 1433, 7456,  702, 2816, 7109, 6550, 2140, 4640, 4298,
        2920, 4851, 6214, 6962, 1503, 3218, 5799,  715, 1551, 1216, 7470, 6233,
        6942, 1223, 7239, 4704, 5469, 7049, 5909, 7045, 3722, 3370, 5053,  134,
        1761, 6066, 3393, 6268, 2479, 1302, 7002, 6154, 2840, 3180, 2000, 6877,
        5943, 5560,  217, 2468, 6954, 6262, 7553,    2, 5649, 2077, 7490,  108,
        6081, 7786, 3423, 4106, 2356,  118, 3422, 7294, 1024, 7860, 3591, 3930,
        6139, 4567, 2368, 5265, 3095, 7052, 2901, 6885, 4626, 4192, 1130, 2047,
        6104, 3558, 2564, 6613, 7708, 7370, 3464, 4752, 4275, 5321, 4411,  286,
        1572, 2872, 2855, 5681, 7778, 4864, 1310, 5886,  500, 4609, 5115, 1206,
        4112, 6560, 6011, 4070, 2399, 7420, 3008, 2794, 1018, 7521, 7789, 7216,
        5144, 3551, 4627,  517, 7571, 3383, 5928, 6365, 3504, 1692, 4442, 4702,
        4313, 3580, 1016, 5004, 1705,  415, 7124, 3881, 1005, 1234, 3420, 6475,
         489, 4005,  938, 5365, 5055, 2660, 2493, 6446, 3197, 2981, 3657, 3467,
        1649, 3190, 7550, 1724, 3354, 4293,   27, 2547, 5182, 4839, 7349, 4575,
        5947, 6515,  340,  409, 5783, 7433, 4469, 1032, 1287, 7828, 7422, 4947,
        4075, 7154, 4215, 1812, 4875, 2960, 1263, 7566, 4754, 6593, 7544, 1155,
        1265, 3364, 1714, 2492, 7296, 6741,  599,  869,    5, 7355, 7526, 2003,
         263, 6158, 6684, 3708, 5790, 6677, 3268, 2543, 4703, 4154,   92, 3355,
        2267, 1669, 7673,  650, 7691, 3956, 4437, 2956, 1127, 6510, 6194, 3143,
        1212, 6628, 5518, 4231, 1397, 6150, 3981, 2016, 5987, 4175, 1913, 3995,
        3062, 1183,  528,  609, 5981, 5407, 6686, 2602, 6513, 5090,  828, 6329,
        7223, 5502, 1090, 7823, 1435, 5357, 5022, 6458, 1772, 7560, 2554, 6752,
        4881, 3097, 1256, 6402, 6861, 7625, 5247, 6286, 5372, 7417, 1157, 2763,
        7467, 6990, 7363,  417,  152, 5665, 3950, 2555, 3294, 1182,  923, 2249,
        1120, 1347, 2627,  693, 1747, 4886, 5732, 5087, 4714, 5630, 2782, 3742,
        4341,  393, 2306, 3511, 6876, 5202,  601, 3803, 6584, 3034, 7530,  799,
        2598, 2771, 4241, 7356,  922, 6702, 7382, 2046, 5499,  587, 5602, 5794,
        4604, 4332, 3829, 3792, 7612, 7514,  281, 3670, 7337, 3525, 2066, 1771,
        5666, 1726, 5661, 4689, 2136, 6913,  309, 3826,  536, 3224,   46, 7448,
        5992, 1331,  182,  268, 1430, 4622, 5741, 7408, 5424, 4692, 3272, 3648,
        2344, 3720, 7366, 3678, 7871, 3557,  866, 1718, 4587,  549, 2652, 1716,
         430, 6450, 3920, 3367,  529, 6932, 6822, 3044, 7618, 5633,  803,  845,
        2289, 4253, 3072, 6546,  677, 1196, 3058, 6392, 4688, 4706, 6261, 2064,
        1587, 7398, 2298, 2424,  192, 3541, 3619, 5506, 3851, 1102, 2776, 2041,
        1091, 5807, 2351, 5322,  573, 4377, 4131, 1941, 6698, 5776, 1229, 5678,
        6327, 3968, 5203, 2813, 5333, 1291, 3681, 6586, 1065, 5030, 1442, 3485,
        1882, 4611, 2372, 5435, 7505, 3545, 5104, 3904, 5003, 1738, 2466, 3363,
        1301, 5449, 5091, 3493, 7245, 2271, 2366, 7872, 7297, 1609, 1755, 1432,
        2675,  102, 1053, 2031, 4008, 2386, 7557, 1806, 6038, 3518, 7844, 1046,
        4375, 4909, 5326, 1741,  377, 4785, 3192, 3914, 4489, 6290, 3473, 7200,
        7797, 1427,   41, 5494,  239, 1797, 6682, 7140, 4200, 5589, 5017,  426,
        1012, 7585, 7527, 5850, 1623, 6568, 6487, 2440, 3046, 4912, 2352, 4767,
        7830, 7256, 3588,  800, 3961, 2906, 5085, 5159, 4996,  252, 3414])
2024-02-19 10:27:27,558 INFO    [CDNet_train.py, 110] WEIGHT_DECAY= 0.0005
2024-02-19 10:27:27,558 INFO    [CDNet_train.py, 110] ds= pannuke
2024-02-19 10:27:27,558 INFO    [CDNet_train.py, 110] ds_num= 1
2024-02-19 10:27:27,558 INFO    [CDNet_train.py, 110] exp_data_dir= exp_data/pannuke/CDNet_P
2024-02-19 10:27:27,558 INFO    [CDNet_train.py, 110] figure_dir= figures/pannuke/1/CDNet_P
2024-02-19 10:27:27,558 INFO    [CDNet_train.py, 110] load_model_para= model_para/pannuke/1/CDNet_P_resnet50/best.pth
2024-02-19 10:27:27,558 INFO    [CDNet_train.py, 110] model= <class 'Netlib.CDNetlib.model_unet_MandDandP.Unet'>
2024-02-19 10:27:27,558 INFO    [CDNet_train.py, 110] model_para= model_para/pannuke/1/CDNet_P_resnet50
2024-02-19 10:28:18,697 INFO    [CDNet_train.py, 105] Check setted Config:
                =====================================

2024-02-19 10:28:18,698 INFO    [CDNet_train.py, 110] BACKBONE_NAME= resnet50
2024-02-19 10:28:18,698 INFO    [CDNet_train.py, 110] BATCH_SIZE= 8
2024-02-19 10:28:18,698 INFO    [CDNet_train.py, 110] CLASSES= 6
2024-02-19 10:28:18,698 INFO    [CDNet_train.py, 110] DATASET_FP= data/PanNuke
2024-02-19 10:28:18,698 INFO    [CDNet_train.py, 110] DEVICE= cuda
2024-02-19 10:28:18,698 INFO    [CDNet_train.py, 110] EPOCHS= 120
2024-02-19 10:28:18,698 INFO    [CDNet_train.py, 110] GAMMA= 0.5
2024-02-19 10:28:18,698 INFO    [CDNet_train.py, 110] LOG_DIR= log/pannuke/1/CDNet_P+_resnet50
2024-02-19 10:28:18,698 INFO    [CDNet_train.py, 110] LR= 0.0002
2024-02-19 10:28:18,698 INFO    [CDNet_train.py, 110] MILESTONES= [40, 70, 100]
2024-02-19 10:28:18,698 INFO    [CDNet_train.py, 110] NUM_WORKERS= 8
2024-02-19 10:28:18,698 INFO    [CDNet_train.py, 110] TEST_RESULT_DIR= pannuke/1/CDNet_P_test_result
2024-02-19 10:28:18,719 INFO    [CDNet_train.py, 110] TEST_SET_INDEX= tensor([ 782, 7487, 4483,  ..., 5520, 1254, 5536])
2024-02-19 10:28:18,719 INFO    [CDNet_train.py, 110] TRAIN_SET_INDEX= tensor([3856,  649, 5629,  ...,  615,  474, 5687])
2024-02-19 10:28:18,719 INFO    [CDNet_train.py, 110] VAL_EPOCH= 10
2024-02-19 10:28:18,722 INFO    [CDNet_train.py, 110] VAL_SET_INDEX= tensor([4737, 3585, 4480, 1150, 1821, 1461, 3176, 3361, 3201, 1961, 3411, 3589,
        1979, 2196, 7457, 5135, 3013, 3783, 2879, 6102, 5590,  610,  375, 6117,
         395, 4078,  737, 4433, 4635, 6948, 6432, 4518, 4214, 5952,  688,   85,
        4651, 4879, 6349, 7523, 3049, 5761, 1249,  981, 3635, 4521, 3889, 5057,
        1477, 1479, 2354, 5047, 2495, 4202, 1156, 6609, 6528, 7015, 5935,  711,
        6311, 7801, 6191, 7444, 2390, 7706, 6420, 3039, 2176, 5383, 4310, 5707,
        3640, 6045,  503,  557, 2303, 2231, 7234, 4916, 2080, 3818, 1725, 4252,
        3172, 7202, 3306, 2853, 6828, 5404,  651, 1832, 6934, 2948, 4423, 3785,
        2913, 7162, 1468, 1387, 4105, 4593, 2826,  497,  669,  180, 2778, 6623,
        1086, 4673,  316, 5039, 2273, 3627, 6727, 3860, 2713, 3069, 7075,  498,
        3099, 1592,  305, 4279, 6462, 5099,  857, 3053,  926, 5361, 3238,   23,
        3372, 2506, 3191, 5977, 2497, 7130, 6645, 1534, 2866,  952, 3408,  619,
        4560, 3729, 7025, 5206,  185,  235, 3054, 5759, 3513,  266, 2690,  292,
        4831, 2603,  798, 3838,  931, 6989,  951, 2517, 1019, 5546, 1626, 1033,
        3410, 6810, 4557, 3688, 7194, 6875, 4476, 1405, 6673, 3962, 7632, 2213,
         251, 4644, 4030, 5207, 5252, 3154, 5251, 3405,  104, 5272, 2416, 5405,
        5985, 4821, 7114, 3300, 7011, 2226, 3629,  483, 5686,  654, 2071, 2942,
        3228, 1653, 3570, 7081, 5934,  606, 4672, 6846, 3462,  894, 6596,  593,
        1951, 7504, 4101, 3735,  387, 1020, 5429, 7402, 2590, 4582, 2475, 7409,
        7029, 4331, 6864, 6870,  629, 7464, 4538,  616, 5071, 7028, 7663, 2139,
         618, 5968, 7665, 5260, 1056, 6717,  780, 2812, 6893, 1807, 7723, 1467,
        6570, 5256, 2444, 3470,  701, 4113,  908, 5648, 2865, 6193, 6736,  475,
        5795, 2531,  774, 4021, 1691, 2644,  900, 5927, 5854, 1178, 1897, 3087,
         326, 1635, 3327, 1433, 7456,  702, 2816, 7109, 6550, 2140, 4640, 4298,
        2920, 4851, 6214, 6962, 1503, 3218, 5799,  715, 1551, 1216, 7470, 6233,
        6942, 1223, 7239, 4704, 5469, 7049, 5909, 7045, 3722, 3370, 5053,  134,
        1761, 6066, 3393, 6268, 2479, 1302, 7002, 6154, 2840, 3180, 2000, 6877,
        5943, 5560,  217, 2468, 6954, 6262, 7553,    2, 5649, 2077, 7490,  108,
        6081, 7786, 3423, 4106, 2356,  118, 3422, 7294, 1024, 7860, 3591, 3930,
        6139, 4567, 2368, 5265, 3095, 7052, 2901, 6885, 4626, 4192, 1130, 2047,
        6104, 3558, 2564, 6613, 7708, 7370, 3464, 4752, 4275, 5321, 4411,  286,
        1572, 2872, 2855, 5681, 7778, 4864, 1310, 5886,  500, 4609, 5115, 1206,
        4112, 6560, 6011, 4070, 2399, 7420, 3008, 2794, 1018, 7521, 7789, 7216,
        5144, 3551, 4627,  517, 7571, 3383, 5928, 6365, 3504, 1692, 4442, 4702,
        4313, 3580, 1016, 5004, 1705,  415, 7124, 3881, 1005, 1234, 3420, 6475,
         489, 4005,  938, 5365, 5055, 2660, 2493, 6446, 3197, 2981, 3657, 3467,
        1649, 3190, 7550, 1724, 3354, 4293,   27, 2547, 5182, 4839, 7349, 4575,
        5947, 6515,  340,  409, 5783, 7433, 4469, 1032, 1287, 7828, 7422, 4947,
        4075, 7154, 4215, 1812, 4875, 2960, 1263, 7566, 4754, 6593, 7544, 1155,
        1265, 3364, 1714, 2492, 7296, 6741,  599,  869,    5, 7355, 7526, 2003,
         263, 6158, 6684, 3708, 5790, 6677, 3268, 2543, 4703, 4154,   92, 3355,
        2267, 1669, 7673,  650, 7691, 3956, 4437, 2956, 1127, 6510, 6194, 3143,
        1212, 6628, 5518, 4231, 1397, 6150, 3981, 2016, 5987, 4175, 1913, 3995,
        3062, 1183,  528,  609, 5981, 5407, 6686, 2602, 6513, 5090,  828, 6329,
        7223, 5502, 1090, 7823, 1435, 5357, 5022, 6458, 1772, 7560, 2554, 6752,
        4881, 3097, 1256, 6402, 6861, 7625, 5247, 6286, 5372, 7417, 1157, 2763,
        7467, 6990, 7363,  417,  152, 5665, 3950, 2555, 3294, 1182,  923, 2249,
        1120, 1347, 2627,  693, 1747, 4886, 5732, 5087, 4714, 5630, 2782, 3742,
        4341,  393, 2306, 3511, 6876, 5202,  601, 3803, 6584, 3034, 7530,  799,
        2598, 2771, 4241, 7356,  922, 6702, 7382, 2046, 5499,  587, 5602, 5794,
        4604, 4332, 3829, 3792, 7612, 7514,  281, 3670, 7337, 3525, 2066, 1771,
        5666, 1726, 5661, 4689, 2136, 6913,  309, 3826,  536, 3224,   46, 7448,
        5992, 1331,  182,  268, 1430, 4622, 5741, 7408, 5424, 4692, 3272, 3648,
        2344, 3720, 7366, 3678, 7871, 3557,  866, 1718, 4587,  549, 2652, 1716,
         430, 6450, 3920, 3367,  529, 6932, 6822, 3044, 7618, 5633,  803,  845,
        2289, 4253, 3072, 6546,  677, 1196, 3058, 6392, 4688, 4706, 6261, 2064,
        1587, 7398, 2298, 2424,  192, 3541, 3619, 5506, 3851, 1102, 2776, 2041,
        1091, 5807, 2351, 5322,  573, 4377, 4131, 1941, 6698, 5776, 1229, 5678,
        6327, 3968, 5203, 2813, 5333, 1291, 3681, 6586, 1065, 5030, 1442, 3485,
        1882, 4611, 2372, 5435, 7505, 3545, 5104, 3904, 5003, 1738, 2466, 3363,
        1301, 5449, 5091, 3493, 7245, 2271, 2366, 7872, 7297, 1609, 1755, 1432,
        2675,  102, 1053, 2031, 4008, 2386, 7557, 1806, 6038, 3518, 7844, 1046,
        4375, 4909, 5326, 1741,  377, 4785, 3192, 3914, 4489, 6290, 3473, 7200,
        7797, 1427,   41, 5494,  239, 1797, 6682, 7140, 4200, 5589, 5017,  426,
        1012, 7585, 7527, 5850, 1623, 6568, 6487, 2440, 3046, 4912, 2352, 4767,
        7830, 7256, 3588,  800, 3961, 2906, 5085, 5159, 4996,  252, 3414])
2024-02-19 10:28:18,722 INFO    [CDNet_train.py, 110] WEIGHT_DECAY= 0.0005
2024-02-19 10:28:18,722 INFO    [CDNet_train.py, 110] ds= pannuke
2024-02-19 10:28:18,722 INFO    [CDNet_train.py, 110] ds_num= 1
2024-02-19 10:28:18,722 INFO    [CDNet_train.py, 110] exp_data_dir= exp_data/pannuke/CDNet_P
2024-02-19 10:28:18,722 INFO    [CDNet_train.py, 110] figure_dir= figures/pannuke/1/CDNet_P
2024-02-19 10:28:18,722 INFO    [CDNet_train.py, 110] load_model_para= model_para/pannuke/1/CDNet_P_resnet50/best.pth
2024-02-19 10:28:18,722 INFO    [CDNet_train.py, 110] model= <class 'Netlib.CDNetlib.model_unet_MandDandP.Unet'>
2024-02-19 10:28:18,722 INFO    [CDNet_train.py, 110] model_para= model_para/pannuke/1/CDNet_P_resnet50
2024-02-19 10:28:29,492 INFO    [CDNet_train.py, 184] train_set:5530,val_set:791
2024-02-19 10:32:28,893 INFO    [CDNet_train.py, 59] train_loss:0.8888,epoch:0,lr:0.000200,
2024-02-19 10:36:28,122 INFO    [CDNet_train.py, 59] train_loss:0.6653,epoch:1,lr:0.000200,
2024-02-19 10:40:27,814 INFO    [CDNet_train.py, 95] val_metric:{'boundry': tensor(0.7321, dtype=torch.float64), 'point': tensor(0.0012, dtype=torch.float64), 'direction': tensor(0.6132, dtype=torch.float64)},epoch:1,val_loss:0.6293805241584778
2024-02-19 10:44:25,819 INFO    [CDNet_train.py, 59] train_loss:0.6347,epoch:2,lr:0.000200,
2024-02-19 10:48:21,503 INFO    [CDNet_train.py, 59] train_loss:0.6233,epoch:3,lr:0.000200,
2024-02-19 10:52:19,931 INFO    [CDNet_train.py, 59] train_loss:0.6090,epoch:4,lr:0.000200,
2024-02-19 10:56:19,941 INFO    [CDNet_train.py, 59] train_loss:0.5994,epoch:5,lr:0.000200,
2024-02-19 11:00:19,392 INFO    [CDNet_train.py, 59] train_loss:0.5935,epoch:6,lr:0.000200,
2024-02-19 11:04:24,831 INFO    [CDNet_train.py, 59] train_loss:0.5867,epoch:7,lr:0.000200,
2024-02-19 11:08:28,173 INFO    [CDNet_train.py, 59] train_loss:0.5810,epoch:8,lr:0.000200,
2024-02-19 11:12:25,973 INFO    [CDNet_train.py, 59] train_loss:0.5735,epoch:9,lr:0.000200,
2024-02-19 11:16:32,034 INFO    [CDNet_train.py, 59] train_loss:0.5706,epoch:10,lr:0.000200,
2024-02-19 11:20:27,038 INFO    [CDNet_train.py, 59] train_loss:0.5636,epoch:11,lr:0.000200,
2024-02-19 11:24:26,216 INFO    [CDNet_train.py, 95] val_metric:{'boundry': tensor(0.7485, dtype=torch.float64), 'point': tensor(0.0008, dtype=torch.float64), 'direction': tensor(0.6522, dtype=torch.float64)},epoch:11,val_loss:0.5841612815856934
2024-02-19 11:28:26,886 INFO    [CDNet_train.py, 59] train_loss:0.5571,epoch:12,lr:0.000200,
2024-02-19 11:32:23,875 INFO    [CDNet_train.py, 59] train_loss:0.5530,epoch:13,lr:0.000200,
2024-02-19 11:36:22,932 INFO    [CDNet_train.py, 59] train_loss:0.5500,epoch:14,lr:0.000200,
2024-02-19 11:40:18,818 INFO    [CDNet_train.py, 59] train_loss:0.5430,epoch:15,lr:0.000200,
2024-02-19 11:44:13,863 INFO    [CDNet_train.py, 59] train_loss:0.5371,epoch:16,lr:0.000200,
2024-02-19 11:48:12,745 INFO    [CDNet_train.py, 59] train_loss:0.5323,epoch:17,lr:0.000200,
2024-02-19 11:52:12,417 INFO    [CDNet_train.py, 59] train_loss:0.5299,epoch:18,lr:0.000200,
2024-02-19 11:56:17,816 INFO    [CDNet_train.py, 59] train_loss:0.5215,epoch:19,lr:0.000200,
2024-02-19 12:00:16,730 INFO    [CDNet_train.py, 59] train_loss:0.5182,epoch:20,lr:0.000200,
2024-02-19 12:04:17,032 INFO    [CDNet_train.py, 59] train_loss:0.5125,epoch:21,lr:0.000200,
2024-02-19 12:08:18,286 INFO    [CDNet_train.py, 95] val_metric:{'boundry': tensor(0.7555, dtype=torch.float64), 'point': tensor(0.0008, dtype=torch.float64), 'direction': tensor(0.6549, dtype=torch.float64)},epoch:21,val_loss:0.5804056525230408
2024-02-19 12:12:16,096 INFO    [CDNet_train.py, 59] train_loss:0.5057,epoch:22,lr:0.000200,
2024-02-19 12:16:12,389 INFO    [CDNet_train.py, 59] train_loss:0.5025,epoch:23,lr:0.000200,
2024-02-19 12:20:08,277 INFO    [CDNet_train.py, 59] train_loss:0.4967,epoch:24,lr:0.000200,
2024-02-19 12:24:18,654 INFO    [CDNet_train.py, 59] train_loss:0.4916,epoch:25,lr:0.000200,
2024-02-19 12:28:16,085 INFO    [CDNet_train.py, 59] train_loss:0.4873,epoch:26,lr:0.000200,
2024-02-19 12:32:14,418 INFO    [CDNet_train.py, 59] train_loss:0.4812,epoch:27,lr:0.000200,
2024-02-19 12:36:17,947 INFO    [CDNet_train.py, 59] train_loss:0.4765,epoch:28,lr:0.000200,
2024-02-19 12:40:14,510 INFO    [CDNet_train.py, 59] train_loss:0.4738,epoch:29,lr:0.000200,
2024-02-19 12:44:14,350 INFO    [CDNet_train.py, 59] train_loss:0.4736,epoch:30,lr:0.000200,
2024-02-19 12:48:12,537 INFO    [CDNet_train.py, 59] train_loss:0.4637,epoch:31,lr:0.000200,
2024-02-19 12:52:11,734 INFO    [CDNet_train.py, 95] val_metric:{'boundry': tensor(0.7536, dtype=torch.float64), 'point': tensor(0.0008, dtype=torch.float64), 'direction': tensor(0.6550, dtype=torch.float64)},epoch:31,val_loss:0.6087674498558044
2024-02-19 12:56:16,223 INFO    [CDNet_train.py, 59] train_loss:0.4600,epoch:32,lr:0.000200,
2024-02-19 13:00:07,827 INFO    [CDNet_train.py, 59] train_loss:0.4575,epoch:33,lr:0.000200,
2024-02-19 13:04:04,531 INFO    [CDNet_train.py, 59] train_loss:0.4514,epoch:34,lr:0.000200,
2024-02-19 13:08:13,764 INFO    [CDNet_train.py, 59] train_loss:0.4469,epoch:35,lr:0.000200,
2024-02-19 13:12:13,444 INFO    [CDNet_train.py, 59] train_loss:0.4440,epoch:36,lr:0.000200,
2024-02-19 13:16:06,228 INFO    [CDNet_train.py, 59] train_loss:0.4393,epoch:37,lr:0.000200,
2024-02-19 13:20:07,434 INFO    [CDNet_train.py, 59] train_loss:0.4340,epoch:38,lr:0.000200,
2024-02-19 13:24:13,800 INFO    [CDNet_train.py, 59] train_loss:0.4323,epoch:39,lr:0.000200,
2024-02-19 13:28:16,031 INFO    [CDNet_train.py, 59] train_loss:0.4109,epoch:40,lr:0.000100,
2024-02-19 13:32:14,651 INFO    [CDNet_train.py, 59] train_loss:0.4017,epoch:41,lr:0.000100,
2024-02-19 13:36:14,258 INFO    [CDNet_train.py, 95] val_metric:{'boundry': tensor(0.7502, dtype=torch.float64), 'point': tensor(0.0008, dtype=torch.float64), 'direction': tensor(0.6444, dtype=torch.float64)},epoch:41,val_loss:0.6634555459022522
2024-02-19 13:40:08,747 INFO    [CDNet_train.py, 59] train_loss:0.3981,epoch:42,lr:0.000100,
2024-02-19 13:44:05,785 INFO    [CDNet_train.py, 59] train_loss:0.3906,epoch:43,lr:0.000100,
2024-02-19 13:48:02,635 INFO    [CDNet_train.py, 59] train_loss:0.3873,epoch:44,lr:0.000100,
2024-02-19 13:51:58,698 INFO    [CDNet_train.py, 59] train_loss:0.3833,epoch:45,lr:0.000100,
2024-02-19 13:55:59,644 INFO    [CDNet_train.py, 59] train_loss:0.3782,epoch:46,lr:0.000100,
2024-02-19 13:59:59,609 INFO    [CDNet_train.py, 59] train_loss:0.3744,epoch:47,lr:0.000100,
2024-02-19 14:03:58,662 INFO    [CDNet_train.py, 59] train_loss:0.3697,epoch:48,lr:0.000100,
2024-02-19 14:07:51,289 INFO    [CDNet_train.py, 59] train_loss:0.3675,epoch:49,lr:0.000100,
2024-02-19 14:11:49,841 INFO    [CDNet_train.py, 59] train_loss:0.3667,epoch:50,lr:0.000100,
2024-02-19 14:15:51,621 INFO    [CDNet_train.py, 59] train_loss:0.3617,epoch:51,lr:0.000100,
2024-02-19 14:19:50,795 INFO    [CDNet_train.py, 95] val_metric:{'boundry': tensor(0.7512, dtype=torch.float64), 'point': tensor(0.0008, dtype=torch.float64), 'direction': tensor(0.6464, dtype=torch.float64)},epoch:51,val_loss:0.6917669773101807
2024-02-19 14:23:52,054 INFO    [CDNet_train.py, 59] train_loss:0.3572,epoch:52,lr:0.000100,
2024-02-19 14:27:49,265 INFO    [CDNet_train.py, 59] train_loss:0.3572,epoch:53,lr:0.000100,
2024-02-19 14:31:50,350 INFO    [CDNet_train.py, 59] train_loss:0.3543,epoch:54,lr:0.000100,
2024-02-19 14:35:54,422 INFO    [CDNet_train.py, 59] train_loss:0.3478,epoch:55,lr:0.000100,
2024-02-19 14:39:56,955 INFO    [CDNet_train.py, 59] train_loss:0.3464,epoch:56,lr:0.000100,
2024-02-19 14:43:57,371 INFO    [CDNet_train.py, 59] train_loss:0.3439,epoch:57,lr:0.000100,
2024-02-19 14:47:52,661 INFO    [CDNet_train.py, 59] train_loss:0.3409,epoch:58,lr:0.000100,
2024-02-19 14:51:51,435 INFO    [CDNet_train.py, 59] train_loss:0.3385,epoch:59,lr:0.000100,
2024-02-19 14:55:50,357 INFO    [CDNet_train.py, 59] train_loss:0.3371,epoch:60,lr:0.000100,
2024-02-19 14:59:48,691 INFO    [CDNet_train.py, 59] train_loss:0.3334,epoch:61,lr:0.000100,
2024-02-19 15:03:47,806 INFO    [CDNet_train.py, 95] val_metric:{'boundry': tensor(0.7566, dtype=torch.float64), 'point': tensor(0.0009, dtype=torch.float64), 'direction': tensor(0.6453, dtype=torch.float64)},epoch:61,val_loss:0.7328853011131287
2024-02-19 15:07:45,038 INFO    [CDNet_train.py, 59] train_loss:0.3306,epoch:62,lr:0.000100,
2024-02-19 15:11:50,343 INFO    [CDNet_train.py, 59] train_loss:0.3288,epoch:63,lr:0.000100,
2024-02-19 15:15:50,165 INFO    [CDNet_train.py, 59] train_loss:0.3276,epoch:64,lr:0.000100,
2024-02-19 15:19:39,732 INFO    [CDNet_train.py, 59] train_loss:0.3232,epoch:65,lr:0.000100,
2024-02-19 15:23:33,241 INFO    [CDNet_train.py, 59] train_loss:0.3238,epoch:66,lr:0.000100,
2024-02-19 15:27:33,599 INFO    [CDNet_train.py, 59] train_loss:0.3199,epoch:67,lr:0.000100,
2024-02-19 15:31:38,335 INFO    [CDNet_train.py, 59] train_loss:0.3172,epoch:68,lr:0.000100,
2024-02-19 15:35:33,665 INFO    [CDNet_train.py, 59] train_loss:0.3207,epoch:69,lr:0.000100,
2024-02-19 15:39:35,362 INFO    [CDNet_train.py, 59] train_loss:0.3056,epoch:70,lr:0.000050,
2024-02-19 15:43:32,353 INFO    [CDNet_train.py, 59] train_loss:0.3015,epoch:71,lr:0.000050,
2024-02-19 15:47:31,248 INFO    [CDNet_train.py, 95] val_metric:{'boundry': tensor(0.7579, dtype=torch.float64), 'point': tensor(0.0009, dtype=torch.float64), 'direction': tensor(0.6478, dtype=torch.float64)},epoch:71,val_loss:0.7953850030899048
2024-02-19 15:51:33,695 INFO    [CDNet_train.py, 59] train_loss:0.2972,epoch:72,lr:0.000050,
2024-02-19 15:55:35,486 INFO    [CDNet_train.py, 59] train_loss:0.2947,epoch:73,lr:0.000050,
2024-02-19 15:59:30,662 INFO    [CDNet_train.py, 59] train_loss:0.2922,epoch:74,lr:0.000050,
2024-02-19 16:03:24,453 INFO    [CDNet_train.py, 59] train_loss:0.2902,epoch:75,lr:0.000050,
2024-02-19 16:07:23,783 INFO    [CDNet_train.py, 59] train_loss:0.2874,epoch:76,lr:0.000050,
2024-02-19 16:11:24,644 INFO    [CDNet_train.py, 59] train_loss:0.2843,epoch:77,lr:0.000050,
2024-02-19 16:15:25,161 INFO    [CDNet_train.py, 59] train_loss:0.2828,epoch:78,lr:0.000050,
2024-02-19 16:19:29,000 INFO    [CDNet_train.py, 59] train_loss:0.2800,epoch:79,lr:0.000050,
2024-02-19 16:23:30,000 INFO    [CDNet_train.py, 59] train_loss:0.2781,epoch:80,lr:0.000050,
2024-02-19 16:28:11,353 INFO    [CDNet_train.py, 59] train_loss:0.2766,epoch:81,lr:0.000050,
2024-02-19 16:32:20,511 INFO    [CDNet_train.py, 95] val_metric:{'boundry': tensor(0.7494, dtype=torch.float64), 'point': tensor(0.0009, dtype=torch.float64), 'direction': tensor(0.6387, dtype=torch.float64)},epoch:81,val_loss:0.8620362281799316
2024-02-19 16:36:34,006 INFO    [CDNet_train.py, 59] train_loss:0.2758,epoch:82,lr:0.000050,
2024-02-19 16:40:29,894 INFO    [CDNet_train.py, 59] train_loss:0.2735,epoch:83,lr:0.000050,
2024-02-19 16:44:26,712 INFO    [CDNet_train.py, 59] train_loss:0.2720,epoch:84,lr:0.000050,
2024-02-19 16:48:28,675 INFO    [CDNet_train.py, 59] train_loss:0.2715,epoch:85,lr:0.000050,
2024-02-19 16:52:33,833 INFO    [CDNet_train.py, 59] train_loss:0.2705,epoch:86,lr:0.000050,
